<?xml version="1.0" encoding="UTF-8"?>
<testng-results ignored="0" total="1" passed="1" failed="0" skipped="0">
  <reporter-output>
  </reporter-output>
  <suite started-at="2019-09-20T09:13:26Z" name="Default suite" finished-at="2019-09-20T09:14:23Z" duration-ms="57259">
    <groups>
    </groups>
    <test started-at="2019-09-20T09:13:26Z" name="Default test" finished-at="2019-09-20T09:14:23Z" duration-ms="57259">
      <class name="tests.zapTest">
        <test-method is-config="true" signature="beforeSuite()[pri:0, instance:tests.zapTest@4f67eb2a]" started-at="2019-09-20T09:13:26Z" name="beforeSuite" finished-at="2019-09-20T09:13:26Z" duration-ms="12" status="PASS">
          <reporter-output>
          </reporter-output>
        </test-method> <!-- beforeSuite -->
        <test-method is-config="true" signature="beforeTest()[pri:0, instance:tests.zapTest@4f67eb2a]" started-at="2019-09-20T09:13:26Z" name="beforeTest" finished-at="2019-09-20T09:13:27Z" duration-ms="566" status="PASS">
          <reporter-output>
          </reporter-output>
        </test-method> <!-- beforeTest -->
        <test-method is-config="true" signature="beforeClass()[pri:0, instance:tests.zapTest@4f67eb2a]" started-at="2019-09-20T09:13:27Z" name="beforeClass" finished-at="2019-09-20T09:13:27Z" duration-ms="0" status="PASS">
          <reporter-output>
          </reporter-output>
        </test-method> <!-- beforeClass -->
        <test-method is-config="true" signature="beforeMethod()[pri:0, instance:tests.zapTest@4f67eb2a]" started-at="2019-09-20T09:13:27Z" name="beforeMethod" finished-at="2019-09-20T09:14:23Z" duration-ms="56541" status="PASS">
          <reporter-output>
          </reporter-output>
        </test-method> <!-- beforeMethod -->
        <test-method signature="noResultFound()[pri:0, instance:tests.zapTest@4f67eb2a]" started-at="2019-09-20T09:14:23Z" name="noResultFound" finished-at="2019-09-20T09:14:23Z" duration-ms="6" status="PASS">
          <reporter-output>
          </reporter-output>
        </test-method> <!-- noResultFound -->
        <test-method is-config="true" signature="afterMethod()[pri:0, instance:tests.zapTest@4f67eb2a]" started-at="2019-09-20T09:14:23Z" name="afterMethod" finished-at="2019-09-20T09:14:23Z" duration-ms="119" status="PASS">
          <reporter-output>
          </reporter-output>
        </test-method> <!-- afterMethod -->
        <test-method is-config="true" signature="afterClass()[pri:0, instance:tests.zapTest@4f67eb2a]" started-at="2019-09-20T09:14:23Z" name="afterClass" finished-at="2019-09-20T09:14:23Z" duration-ms="0" status="PASS">
          <reporter-output>
          </reporter-output>
        </test-method> <!-- afterClass -->
        <test-method is-config="true" signature="afterTest()[pri:0, instance:tests.zapTest@4f67eb2a]" started-at="2019-09-20T09:14:23Z" name="afterTest" finished-at="2019-09-20T09:14:23Z" duration-ms="0" status="PASS">
          <reporter-output>
          </reporter-output>
        </test-method> <!-- afterTest -->
        <test-method is-config="true" signature="afterSuite()[pri:0, instance:tests.zapTest@4f67eb2a]" started-at="2019-09-20T09:14:23Z" name="afterSuite" finished-at="2019-09-20T09:14:23Z" duration-ms="1" status="PASS">
          <reporter-output>
          </reporter-output>
        </test-method> <!-- afterSuite -->
      </class> <!-- tests.zapTest -->
    </test> <!-- Default test -->
  </suite> <!-- Default suite -->
</testng-results>
