<?xml version="1.0" encoding="UTF-8"?>
<testng-results ignored="0" total="1" passed="1" failed="0" skipped="0">
  <reporter-output>
  </reporter-output>
  <suite started-at="2019-01-08T19:53:01Z" name="Default suite" finished-at="2019-01-08T19:53:02Z" duration-ms="912">
    <groups>
    </groups>
    <test started-at="2019-01-08T19:53:01Z" name="Default test" finished-at="2019-01-08T19:53:02Z" duration-ms="912">
      <class name="tests.SearchTest">
        <test-method is-config="true" signature="beforeSuite()[pri:0, instance:tests.Test1@1e178745]" started-at="2019-01-08T19:53:01Z" name="beforeSuite" finished-at="2019-01-08T19:53:01Z" duration-ms="7" status="PASS">
          <reporter-output>
          </reporter-output>
        </test-method> <!-- beforeSuite -->
        <test-method is-config="true" signature="beforeTest()[pri:0, instance:tests.Test1@1e178745]" started-at="2019-01-08T19:53:01Z" name="beforeTest" finished-at="2019-01-08T19:53:02Z" duration-ms="894" status="PASS">
          <reporter-output>
          </reporter-output>
        </test-method> <!-- beforeTest -->
        <test-method is-config="true" signature="beforeClass()[pri:0, instance:tests.Test1@1e178745]" started-at="2019-01-08T19:53:02Z" name="beforeClass" finished-at="2019-01-08T19:53:02Z" duration-ms="0" status="PASS">
          <reporter-output>
          </reporter-output>
        </test-method> <!-- beforeClass -->
        <test-method signature="test1()[pri:0, instance:tests.Test1@1e178745]" started-at="2019-01-08T19:53:02Z" name="test1" finished-at="2019-01-08T19:53:02Z" duration-ms="4" status="PASS">
          <reporter-output>
          </reporter-output>
        </test-method> <!-- test1 -->
        <test-method is-config="true" signature="afterClass()[pri:0, instance:tests.Test1@1e178745]" started-at="2019-01-08T19:53:02Z" name="afterClass" finished-at="2019-01-08T19:53:02Z" duration-ms="0" status="PASS">
          <reporter-output>
          </reporter-output>
        </test-method> <!-- afterClass -->
        <test-method is-config="true" signature="afterTest()[pri:0, instance:tests.Test1@1e178745]" started-at="2019-01-08T19:53:02Z" name="afterTest" finished-at="2019-01-08T19:53:02Z" duration-ms="0" status="PASS">
          <reporter-output>
          </reporter-output>
        </test-method> <!-- afterTest -->
        <test-method is-config="true" signature="afterSuite()[pri:0, instance:tests.Test1@1e178745]" started-at="2019-01-08T19:53:02Z" name="afterSuite" finished-at="2019-01-08T19:53:02Z" duration-ms="0" status="PASS">
          <reporter-output>
          </reporter-output>
        </test-method> <!-- afterSuite -->
      </class> <!-- tests.SearchTest -->
    </test> <!-- Default test -->
  </suite> <!-- Default suite -->
</testng-results>
